  running_robot.cpp
c:\users\chris\documents\github\fabrik-project\src\running_robot.cpp(36): warning C4305: 'initializing': truncation from 'double' to 'GLfloat'
c:\users\chris\documents\github\fabrik-project\src\running_robot.cpp(119): warning C4305: '=': truncation from 'double' to 'float'
c:\users\chris\documents\github\fabrik-project\src\running_robot.cpp(120): warning C4305: '=': truncation from 'double' to 'float'
c:\users\chris\documents\github\fabrik-project\src\running_robot.cpp(127): warning C4305: '=': truncation from 'double' to 'float'
c:\users\chris\documents\github\fabrik-project\src\running_robot.cpp(128): warning C4305: '=': truncation from 'double' to 'float'
c:\users\chris\documents\github\fabrik-project\src\running_robot.cpp(135): warning C4305: '=': truncation from 'double' to 'float'
c:\users\chris\documents\github\fabrik-project\src\running_robot.cpp(136): warning C4305: '=': truncation from 'double' to 'float'
c:\users\chris\documents\github\fabrik-project\src\running_robot.cpp(142): warning C4305: '=': truncation from 'double' to 'float'
c:\users\chris\documents\github\fabrik-project\src\running_robot.cpp(143): warning C4305: '=': truncation from 'double' to 'float'
c:\users\chris\documents\github\fabrik-project\src\running_robot.cpp(157): warning C4305: '=': truncation from 'double' to 'float'
c:\users\chris\documents\github\fabrik-project\src\running_robot.cpp(158): warning C4305: '=': truncation from 'double' to 'float'
c:\users\chris\documents\github\fabrik-project\src\running_robot.cpp(165): warning C4305: '=': truncation from 'double' to 'float'
c:\users\chris\documents\github\fabrik-project\src\running_robot.cpp(166): warning C4305: '=': truncation from 'double' to 'float'
c:\users\chris\documents\github\fabrik-project\src\running_robot.cpp(173): warning C4305: '=': truncation from 'double' to 'float'
c:\users\chris\documents\github\fabrik-project\src\running_robot.cpp(174): warning C4305: '=': truncation from 'double' to 'float'
c:\users\chris\documents\github\fabrik-project\src\running_robot.cpp(180): warning C4305: '=': truncation from 'double' to 'float'
c:\users\chris\documents\github\fabrik-project\src\running_robot.cpp(181): warning C4305: '=': truncation from 'double' to 'float'
c:\users\chris\documents\github\fabrik-project\src\running_robot.cpp(195): warning C4305: '=': truncation from 'double' to 'float'
c:\users\chris\documents\github\fabrik-project\src\running_robot.cpp(196): warning C4305: '=': truncation from 'double' to 'float'
c:\users\chris\documents\github\fabrik-project\src\running_robot.cpp(203): warning C4305: '=': truncation from 'double' to 'float'
c:\users\chris\documents\github\fabrik-project\src\running_robot.cpp(204): warning C4305: '=': truncation from 'double' to 'float'
c:\users\chris\documents\github\fabrik-project\src\running_robot.cpp(211): warning C4305: '=': truncation from 'double' to 'float'
c:\users\chris\documents\github\fabrik-project\src\running_robot.cpp(212): warning C4305: '=': truncation from 'double' to 'float'
c:\users\chris\documents\github\fabrik-project\src\running_robot.cpp(218): warning C4305: '=': truncation from 'double' to 'float'
c:\users\chris\documents\github\fabrik-project\src\running_robot.cpp(219): warning C4305: '=': truncation from 'double' to 'float'
c:\users\chris\documents\github\fabrik-project\src\running_robot.cpp(233): warning C4305: '=': truncation from 'double' to 'float'
c:\users\chris\documents\github\fabrik-project\src\running_robot.cpp(234): warning C4305: '=': truncation from 'double' to 'float'
c:\users\chris\documents\github\fabrik-project\src\running_robot.cpp(241): warning C4305: '=': truncation from 'double' to 'float'
c:\users\chris\documents\github\fabrik-project\src\running_robot.cpp(242): warning C4305: '=': truncation from 'double' to 'float'
c:\users\chris\documents\github\fabrik-project\src\running_robot.cpp(249): warning C4305: '=': truncation from 'double' to 'float'
c:\users\chris\documents\github\fabrik-project\src\running_robot.cpp(250): warning C4305: '=': truncation from 'double' to 'float'
c:\users\chris\documents\github\fabrik-project\src\running_robot.cpp(256): warning C4305: '=': truncation from 'double' to 'float'
c:\users\chris\documents\github\fabrik-project\src\running_robot.cpp(257): warning C4305: '=': truncation from 'double' to 'float'
c:\users\chris\documents\github\fabrik-project\src\running_robot.cpp(270): warning C4305: '=': truncation from 'double' to 'float'
c:\users\chris\documents\github\fabrik-project\src\running_robot.cpp(271): warning C4305: '=': truncation from 'double' to 'float'
c:\users\chris\documents\github\fabrik-project\src\running_robot.cpp(278): warning C4305: '=': truncation from 'double' to 'float'
c:\users\chris\documents\github\fabrik-project\src\running_robot.cpp(279): warning C4305: '=': truncation from 'double' to 'float'
c:\users\chris\documents\github\fabrik-project\src\running_robot.cpp(286): warning C4305: '=': truncation from 'double' to 'float'
c:\users\chris\documents\github\fabrik-project\src\running_robot.cpp(287): warning C4305: '=': truncation from 'double' to 'float'
c:\users\chris\documents\github\fabrik-project\src\running_robot.cpp(293): warning C4305: '=': truncation from 'double' to 'float'
c:\users\chris\documents\github\fabrik-project\src\running_robot.cpp(294): warning C4305: '=': truncation from 'double' to 'float'
c:\users\chris\documents\github\fabrik-project\src\running_robot.cpp(365): warning C4305: 'initializing': truncation from 'double' to 'float'
c:\users\chris\documents\github\fabrik-project\src\running_robot.cpp(676): warning C4305: 'initializing': truncation from 'double' to 'float'
c:\users\chris\documents\github\fabrik-project\src\running_robot.cpp(694): warning C4244: 'initializing': conversion from 'double' to 'float', possible loss of data
c:\users\chris\documents\github\fabrik-project\src\running_robot.cpp(695): warning C4244: 'initializing': conversion from 'double' to 'float', possible loss of data
c:\users\chris\documents\github\fabrik-project\src\running_robot.cpp(696): warning C4244: 'initializing': conversion from 'double' to 'float', possible loss of data
c:\users\chris\documents\github\fabrik-project\src\running_robot.cpp(780): warning C4305: 'argument': truncation from 'double' to 'float'
c:\users\chris\documents\github\fabrik-project\src\running_robot.cpp(781): warning C4305: 'argument': truncation from 'double' to 'float'
c:\users\chris\documents\github\fabrik-project\src\running_robot.cpp(782): warning C4305: 'argument': truncation from 'double' to 'float'
c:\users\chris\documents\github\fabrik-project\src\running_robot.cpp(795): warning C4305: 'argument': truncation from 'double' to 'float'
c:\users\chris\documents\github\fabrik-project\src\running_robot.cpp(796): warning C4305: 'argument': truncation from 'double' to 'float'
c:\users\chris\documents\github\fabrik-project\src\running_robot.cpp(797): warning C4305: 'argument': truncation from 'double' to 'float'
c:\users\chris\documents\github\fabrik-project\src\running_robot.cpp(832): warning C4305: '+=': truncation from 'double' to 'T'
          with
          [
              T=float
          ]
c:\users\chris\documents\github\fabrik-project\src\running_robot.cpp(836): warning C4305: '-=': truncation from 'double' to 'T'
          with
          [
              T=float
          ]
c:\users\chris\documents\github\fabrik-project\src\running_robot.cpp(840): warning C4305: '-=': truncation from 'double' to 'T'
          with
          [
              T=float
          ]
c:\users\chris\documents\github\fabrik-project\src\running_robot.cpp(844): warning C4305: '+=': truncation from 'double' to 'T'
          with
          [
              T=float
          ]
c:\users\chris\documents\github\fabrik-project\src\running_robot.cpp(848): warning C4305: '+=': truncation from 'double' to 'T'
          with
          [
              T=float
          ]
c:\users\chris\documents\github\fabrik-project\src\running_robot.cpp(852): warning C4305: '-=': truncation from 'double' to 'T'
          with
          [
              T=float
          ]
c:\users\chris\documents\github\fabrik-project\src\running_robot.cpp(923): warning C4018: '<': signed/unsigned mismatch
c:\users\chris\documents\github\fabrik-project\src\running_robot.cpp(925): warning C4244: 'initializing': conversion from 'double' to 'GLfloat', possible loss of data
c:\users\chris\documents\github\fabrik-project\src\running_robot.cpp(926): warning C4244: 'initializing': conversion from 'double' to 'GLfloat', possible loss of data
  opengl.vcxproj -> C:\Users\Chris\Documents\GitHub\FABRIK-project\\build\opengl.exe
